<?xml version="1.0" encoding="UTF-8"?>
<!-- Generated by org.testng.reporters.JUnitReportReporter -->
<testsuite hostname="LAPTOP-AUEFOV61" failures="0" tests="3" name="rahulshettyacademy.Tests.SubmitOrderTest" time="18.835" errors="0" timestamp="2025-05-04T15:29:05 IST" skipped="0">
  <testcase classname="rahulshettyacademy.Tests.SubmitOrderTest" name="submitOrder" time="6.460"/>
  <testcase classname="rahulshettyacademy.Tests.SubmitOrderTest" name="submitOrder" time="8.236"/>
  <testcase classname="rahulshettyacademy.Tests.SubmitOrderTest" name="OrderHistoryTest" time="4.139"/>
</testsuite> <!-- rahulshettyacademy.Tests.SubmitOrderTest -->
