<?xml version="1.0" encoding="UTF-8"?>
<!-- Generated by org.testng.reporters.JUnitReportReporter -->
<testsuite hostname="LAPTOP-AUEFOV61" failures="0" tests="1" name="cucumber.TestNGTestRunner" time="2.662" errors="0" timestamp="2025-05-07T00:43:37 IST" skipped="0">
  <testcase classname="cucumber.TestNGTestRunner" name="runScenario" time="2.662"/>
</testsuite> <!-- cucumber.TestNGTestRunner -->
